c:\users\admin\source\repos\payrollgui_proto\payrollgui_proto\debug\vc142.pdb
c:\users\admin\source\repos\payrollgui_proto\payrollgui_proto\debug\test form.obj
c:\users\admin\source\repos\payrollgui_proto\payrollgui_proto\debug\loginandcreateuserform.obj
c:\users\admin\source\repos\payrollgui_proto\payrollgui_proto\debug\payrollproto.obj
c:\users\admin\source\repos\payrollgui_proto\payrollgui_proto\debug\employeemanagementform.obj
c:\users\admin\source\repos\payrollgui_proto\payrollgui_proto\debug\companyinformationform.obj
c:\users\admin\source\repos\payrollgui_proto\payrollgui_proto\debug\addemployeeform.obj
c:\users\admin\source\repos\payrollgui_proto\payrollgui_proto\debug\.netframework,version=v4.7.2.assemblyattributes.obj
c:\users\admin\source\repos\payrollgui_proto\payrollgui_proto\debug\.netframework,version=v4.7.2.assemblyattributes.asm
c:\users\admin\source\repos\payrollgui_proto\debug\payrollgui_proto.exe
c:\users\admin\source\repos\payrollgui_proto\debug\payrollgui_proto.pdb
c:\users\admin\source\repos\payrollgui_proto\payrollgui_proto\debug\payrollguiproto.addemployeeform.resources
c:\users\admin\source\repos\payrollgui_proto\payrollgui_proto\debug\payrollguiproto.companyinformationform.resources
c:\users\admin\source\repos\payrollgui_proto\payrollgui_proto\debug\payrollguiproto.employeemanagementform.resources
c:\users\admin\source\repos\payrollgui_proto\payrollgui_proto\debug\payrollguiproto.payrollproto.resources
c:\users\admin\source\repos\payrollgui_proto\payrollgui_proto\debug\payrollguiproto.loginandcreateuserform.resources
c:\users\admin\source\repos\payrollgui_proto\payrollgui_proto\debug\payrollgui_proto.vcxproj.generateresource.cache
c:\users\admin\source\repos\payrollgui_proto\payrollgui_proto\debug\payrollgui_proto.tlog\cl.command.1.tlog
c:\users\admin\source\repos\payrollgui_proto\payrollgui_proto\debug\payrollgui_proto.tlog\cl.read.1.tlog
c:\users\admin\source\repos\payrollgui_proto\payrollgui_proto\debug\payrollgui_proto.tlog\cl.write.1.tlog
c:\users\admin\source\repos\payrollgui_proto\payrollgui_proto\debug\payrollgui_proto.tlog\link.command.1.tlog
c:\users\admin\source\repos\payrollgui_proto\payrollgui_proto\debug\payrollgui_proto.tlog\link.read.1.tlog
c:\users\admin\source\repos\payrollgui_proto\payrollgui_proto\debug\payrollgui_proto.tlog\link.write.1.tlog
c:\users\admin\source\repos\payrollgui_proto\payrollgui_proto\debug\payrollgui_proto.tlog\metagen.read.1.tlog
c:\users\admin\source\repos\payrollgui_proto\payrollgui_proto\debug\payrollgui_proto.tlog\metagen.write.1.tlog
c:\users\admin\source\repos\payrollgui_proto\payrollgui_proto\debug\payrollgui_proto.tlog\payrollgui_proto.write.1u.tlog
